# JRE version: OpenJDK Runtime Environment Temurin-17.0.2+8 (17.0.2+8) (build 17.0.2+8)
# Java VM: OpenJDK 64-Bit Server VM Temurin-17.0.2+8 (17.0.2+8, mixed mode, tiered, compressed oops, compressed class ptrs, g1 gc, windows-amd64)
GC Precious Log:
 CPUs: 16 total, 16 available
 Memory: 14123M
 Large Page Support: Disabled
 NUMA Support: Disabled
 Compressed Oops: Enabled (Zero based)
 Heap Region Size: 2M
 Heap Min Capacity: 8M
 Heap Initial Capacity: 222M
 Heap Max Capacity: 3532M
 Pre-touch: Disabled
 Parallel Workers: 13
 Concurrent Workers: 3
 Concurrent Refinement Workers: 13
 Periodic GC: Disabled
Heap:
 garbage-first heap   total 139264K, used 39624K [0x0000000723400000, 0x0000000800000000)
  region size 2048K, 5 young (10240K), 1 survivors (2048K)
 Metaspace       used 82514K, committed 83136K, reserved 1122304K
  class space    used 9936K, committed 10240K, reserved 1048576K
GC Heap History (20 events):
Event: 3871.787 GC heap before
{Heap before GC invocations=130 (full 0):
 garbage-first heap   total 139264K, used 113325K [0x0000000723400000, 0x0000000800000000)
  region size 2048K, 40 young (81920K), 1 survivors (2048K)
 Metaspace       used 82501K, committed 83136K, reserved 1122304K
  class space    used 9936K, committed 10240K, reserved 1048576K
}
Event: 3871.787 GC heap after
{Heap after GC invocations=131 (full 0):
 garbage-first heap   total 139264K, used 33484K [0x0000000723400000, 0x0000000800000000)
  region size 2048K, 1 young (2048K), 1 survivors (2048K)
 Metaspace       used 82501K, committed 83136K, reserved 1122304K
  class space    used 9936K, committed 10240K, reserved 1048576K
}
Event: 3872.088 GC heap before
{Heap before GC invocations=131 (full 0):
 garbage-first heap   total 139264K, used 113356K [0x0000000723400000, 0x0000000800000000)
  region size 2048K, 40 young (81920K), 1 survivors (2048K)
 Metaspace       used 82513K, committed 83136K, reserved 1122304K
  class space    used 9936K, committed 10240K, reserved 1048576K
}
Event: 3872.088 GC heap after
{Heap after GC invocations=132 (full 0):
 garbage-first heap   total 139264K, used 33448K [0x0000000723400000, 0x0000000800000000)
  region size 2048K, 1 young (2048K), 1 survivors (2048K)
 Metaspace       used 82513K, committed 83136K, reserved 1122304K
  class space    used 9936K, committed 10240K, reserved 1048576K
}
Event: 3872.710 GC heap before
{Heap before GC invocations=132 (full 0):
 garbage-first heap   total 139264K, used 113320K [0x0000000723400000, 0x0000000800000000)
  region size 2048K, 40 young (81920K), 1 survivors (2048K)
 Metaspace       used 82514K, committed 83136K, reserved 1122304K
  class space    used 9936K, committed 10240K, reserved 1048576K
}
Event: 3872.711 GC heap after
{Heap after GC invocations=133 (full 0):
 garbage-first heap   total 139264K, used 33435K [0x0000000723400000, 0x0000000800000000)
  region size 2048K, 1 young (2048K), 1 survivors (2048K)
 Metaspace       used 82514K, committed 83136K, reserved 1122304K
  class space    used 9936K, committed 10240K, reserved 1048576K
}
Event: 3873.244 GC heap before
{Heap before GC invocations=133 (full 0):
 garbage-first heap   total 139264K, used 113307K [0x0000000723400000, 0x0000000800000000)
  region size 2048K, 40 young (81920K), 1 survivors (2048K)
 Metaspace       used 82514K, committed 83136K, reserved 1122304K
  class space    used 9936K, committed 10240K, reserved 1048576K
}
Event: 3873.244 GC heap after
{Heap after GC invocations=134 (full 0):
 garbage-first heap   total 139264K, used 33574K [0x0000000723400000, 0x0000000800000000)
  region size 2048K, 1 young (2048K), 1 survivors (2048K)
 Metaspace       used 82514K, committed 83136K, reserved 1122304K
  class space    used 9936K, committed 10240K, reserved 1048576K
}
Event: 3873.839 GC heap before
{Heap before GC invocations=134 (full 0):
 garbage-first heap   total 139264K, used 113446K [0x0000000723400000, 0x0000000800000000)
  region size 2048K, 40 young (81920K), 1 survivors (2048K)
 Metaspace       used 82514K, committed 83136K, reserved 1122304K
  class space    used 9936K, committed 10240K, reserved 1048576K
}
Event: 3873.839 GC heap after
{Heap after GC invocations=135 (full 0):
 garbage-first heap   total 139264K, used 33488K [0x0000000723400000, 0x0000000800000000)
  region size 2048K, 1 young (2048K), 1 survivors (2048K)
 Metaspace       used 82514K, committed 83136K, reserved 1122304K
  class space    used 9936K, committed 10240K, reserved 1048576K
}
Event: 3874.351 GC heap before
{Heap before GC invocations=135 (full 0):
 garbage-first heap   total 139264K, used 113360K [0x0000000723400000, 0x0000000800000000)
  region size 2048K, 40 young (81920K), 1 survivors (2048K)
 Metaspace       used 82514K, committed 83136K, reserved 1122304K
  class space    used 9936K, committed 10240K, reserved 1048576K
}
Event: 3874.351 GC heap after
{Heap after GC invocations=136 (full 0):
 garbage-first heap   total 139264K, used 33477K [0x0000000723400000, 0x0000000800000000)
  region size 2048K, 1 young (2048K), 1 survivors (2048K)
 Metaspace       used 82514K, committed 83136K, reserved 1122304K
  class space    used 9936K, committed 10240K, reserved 1048576K
}
Event: 3874.820 GC heap before
{Heap before GC invocations=136 (full 0):
 garbage-first heap   total 139264K, used 113349K [0x0000000723400000, 0x0000000800000000)
  region size 2048K, 40 young (81920K), 1 survivors (2048K)
 Metaspace       used 82514K, committed 83136K, reserved 1122304K
  class space    used 9936K, committed 10240K, reserved 1048576K
}
Event: 3874.820 GC heap after
{Heap after GC invocations=137 (full 0):
 garbage-first heap   total 139264K, used 33471K [0x0000000723400000, 0x0000000800000000)
  region size 2048K, 1 young (2048K), 1 survivors (2048K)
 Metaspace       used 82514K, committed 83136K, reserved 1122304K
  class space    used 9936K, committed 10240K, reserved 1048576K
}
Event: 3875.221 GC heap before
{Heap before GC invocations=137 (full 0):
 garbage-first heap   total 139264K, used 113343K [0x0000000723400000, 0x0000000800000000)
  region size 2048K, 40 young (81920K), 1 survivors (2048K)
 Metaspace       used 82514K, committed 83136K, reserved 1122304K
  class space    used 9936K, committed 10240K, reserved 1048576K
}
Event: 3875.221 GC heap after
{Heap after GC invocations=138 (full 0):
 garbage-first heap   total 139264K, used 33452K [0x0000000723400000, 0x0000000800000000)
  region size 2048K, 1 young (2048K), 1 survivors (2048K)
 Metaspace       used 82514K, committed 83136K, reserved 1122304K
  class space    used 9936K, committed 10240K, reserved 1048576K
}
Event: 3875.747 GC heap before
{Heap before GC invocations=138 (full 0):
 garbage-first heap   total 139264K, used 113324K [0x0000000723400000, 0x0000000800000000)
  region size 2048K, 40 young (81920K), 1 survivors (2048K)
 Metaspace       used 82514K, committed 83136K, reserved 1122304K
  class space    used 9936K, committed 10240K, reserved 1048576K
}
Event: 3875.747 GC heap after
{Heap after GC invocations=139 (full 0):
 garbage-first heap   total 139264K, used 33592K [0x0000000723400000, 0x0000000800000000)
  region size 2048K, 1 young (2048K), 1 survivors (2048K)
 Metaspace       used 82514K, committed 83136K, reserved 1122304K
  class space    used 9936K, committed 10240K, reserved 1048576K
}
Event: 3876.295 GC heap before
{Heap before GC invocations=139 (full 0):
 garbage-first heap   total 139264K, used 113464K [0x0000000723400000, 0x0000000800000000)
  region size 2048K, 40 young (81920K), 1 survivors (2048K)
 Metaspace       used 82514K, committed 83136K, reserved 1122304K
  class space    used 9936K, committed 10240K, reserved 1048576K
}
Event: 3876.296 GC heap after
{Heap after GC invocations=140 (full 0):
 garbage-first heap   total 139264K, used 33527K [0x0000000723400000, 0x0000000800000000)
  region size 2048K, 1 young (2048K), 1 survivors (2048K)
 Metaspace       used 82514K, committed 83136K, reserved 1122304K
  class space    used 9936K, committed 10240K, reserved 1048576K
}

